2022/07/14 16:28:03.623 [W]  SMS TimeToSend Service Starting
2022/07/14 16:59:51.273 [W]  SMS TimeToSend Service Starting
2022/07/14 17:00:59.279 [W]  SMS TimeToSend Service Starting
2022/07/14 17:15:34.693 [W]  SMS TimeToSend Service Starting
2022/07/14 17:34:31.126 [W]  SMS TimeToSend Service Starting
2022/07/14 17:38:35.143 [W]  SMS TimeToSend Service Starting
2022/07/14 17:43:17.177 [W]  SMS TimeToSend Service Starting
2022/07/14 17:47:33.311 [W]  SMS TimeToSend Service Starting
2022/07/14 17:55:23.760 [W]  SMS TimeToSend Service Starting
2022/07/14 18:00:58.361 [W]  SMS TimeToSend Service Starting
2022/07/14 18:14:07.735 [W]  SMS TimeToSend Service Starting
2022/07/14 18:14:07.735 [W]  SMS TimeToSend Service Starting
2022/07/15 10:14:55.759 [W]  SMS TimeToSend Service Starting
2022/07/15 10:14:55.759 [W]  SMS TimeToSend Service Starting
2022/07/15 10:29:19.718 [E]  数据解析错误%!(EXTRA string={"account":"508284d4749fcbf0750ee9c1b28302af","appid":"10839","project":"9RtCY4","address":"15201893074","send":"2022-07-15 02:29:19","vars":{"name":"duanxiaojie"}}, *json.UnmarshalTypeError=json: cannot unmarshal object into Go struct field TimetosendItem.vars of type string)
2022/07/15 10:44:48.762 [W]  SMS TimeToSend Service Starting
2022/07/15 10:44:48.762 [W]  SMS TimeToSend Service Starting
2022/07/15 10:45:56.359 [W]  SMS TimeToSend Service Starting
2022/07/15 10:45:56.359 [W]  SMS TimeToSend Service Starting
2022/07/15 10:46:47.911 [W]  SMS TimeToSend Service Starting
2022/07/15 10:46:47.911 [W]  SMS TimeToSend Service Starting
2022/07/15 10:50:33.789 [W]  SMS TimeToSend Service Starting
2022/07/15 10:50:33.789 [W]  SMS TimeToSend Service Starting
2022/07/15 10:53:59.156 [W]  SMS TimeToSend Service Starting
2022/07/15 10:53:59.157 [W]  SMS TimeToSend Service Starting
2022/07/15 10:55:01.450 [W]  SMS TimeToSend Service Starting
2022/07/15 10:55:01.450 [W]  SMS TimeToSend Service Starting
2022/07/15 10:58:10.544 [W]  SMS TimeToSend Service Starting
2022/07/15 10:58:10.544 [W]  SMS TimeToSend Service Starting
2022/07/15 11:02:10.729 [W]  SMS TimeToSend Service Starting
2022/07/15 11:02:10.729 [W]  SMS TimeToSend Service Starting
2022/07/15 11:06:14.556 [W]  SMS TimeToSend Service Starting
2022/07/15 11:06:14.556 [W]  SMS TimeToSend Service Starting
2022/07/15 11:10:55.723 [W]  SMS TimeToSend Service Starting
2022/07/15 11:10:55.723 [W]  SMS TimeToSend Service Starting
2022/07/15 11:10:55.725 [E]  数据解析错误%!(EXTRA string={"account":"508284d4749fcbf0750ee9c1b28302af","appid":"10839","project":"9RtCY4","address":"15201893074","send":"2022-07-15 03:10:13","vars":{"name":"duan"}}, *json.UnmarshalTypeError=json: cannot unmarshal object into Go struct field TimetosendItem.vars of type string)
2022/07/15 11:11:29.417 [W]  SMS TimeToSend Service Starting
2022/07/15 11:11:29.417 [W]  SMS TimeToSend Service Starting
2022/07/15 11:12:39.361 [W]  SMS TimeToSend Service Starting
2022/07/15 11:12:39.361 [W]  SMS TimeToSend Service Starting
2022/07/15 11:13:01.801 [E]  数据解析错误%!(EXTRA string={"account":"508284d4749fcbf0750ee9c1b28302af","appid":"10839","project":"9RtCY4","address":"15201893074","send":"2022-07-15 03:13:01","vars":{"name":"duan"}}, *json.UnmarshalTypeError=json: cannot unmarshal object into Go struct field TimetosendItem.vars of type []uint8)
2022/07/15 11:14:19.755 [W]  SMS TimeToSend Service Starting
2022/07/15 11:14:19.755 [W]  SMS TimeToSend Service Starting
2022/07/15 11:15:54.968 [W]  SMS TimeToSend Service Starting
2022/07/15 11:15:54.968 [W]  SMS TimeToSend Service Starting
2022/07/15 11:16:48.289 [W]  SMS TimeToSend Service Starting
2022/07/15 11:16:48.289 [W]  SMS TimeToSend Service Starting
2022/07/15 11:17:52.022 [W]  SMS TimeToSend Service Starting
2022/07/15 11:17:52.022 [W]  SMS TimeToSend Service Starting
2022/07/15 11:18:18.112 [E]  数据解析错误%!(EXTRA string={"account":"508284d4749fcbf0750ee9c1b28302af","appid":"10839","project":"9RtCY4","address":"152018983084","send":"2022-07-15 03:18:18","vars":{"name":"duan"}}, *json.UnmarshalTypeError=json: cannot unmarshal object into Go struct field TimetosendItem.Vars of type string)
2022/07/15 11:19:55.140 [W]  SMS TimeToSend Service Starting
2022/07/15 11:19:55.140 [W]  SMS TimeToSend Service Starting
2022/07/15 11:20:35.660 [W]  SMS TimeToSend Service Starting
2022/07/15 11:20:35.660 [W]  SMS TimeToSend Service Starting
2022/07/15 11:26:15.497 [W]  SMS TimeToSend Service Starting
2022/07/15 11:26:15.497 [W]  SMS TimeToSend Service Starting
2022/07/15 11:28:11.787 [W]  SMS TimeToSend Service Starting
2022/07/15 11:28:11.787 [W]  SMS TimeToSend Service Starting
2022/07/15 11:29:16.412 [W]  SMS TimeToSend Service Starting
2022/07/15 11:29:16.412 [W]  SMS TimeToSend Service Starting
2022/07/15 11:30:44.583 [W]  SMS TimeToSend Service Starting
2022/07/15 11:30:44.583 [W]  SMS TimeToSend Service Starting
2022/07/15 11:31:20.420 [W]  SMS TimeToSend Service Starting
2022/07/15 11:31:20.420 [W]  SMS TimeToSend Service Starting
2022/07/15 11:35:01.168 [W]  SMS TimeToSend Service Starting
2022/07/15 11:35:01.168 [W]  SMS TimeToSend Service Starting
